{"/home/kali/ibriz/backend/app.js": {"path":"/home/kali/ibriz/backend/app.js","statementMap":{"0":{"start":{"line":1,"column":16},"end":{"line":1,"column":34}},"1":{"start":{"line":2,"column":13},"end":{"line":2,"column":28}},"2":{"start":{"line":3,"column":18},"end":{"line":3,"column":47}},"3":{"start":{"line":4,"column":21},"end":{"line":4,"column":55}},"4":{"start":{"line":5,"column":18},"end":{"line":5,"column":47}},"5":{"start":{"line":7,"column":12},"end":{"line":7,"column":21}},"6":{"start":{"line":8,"column":0},"end":{"line":8,"column":16}},"7":{"start":{"line":9,"column":0},"end":{"line":9,"column":24}},"8":{"start":{"line":12,"column":0},"end":{"line":12,"column":33}},"9":{"start":{"line":13,"column":0},"end":{"line":13,"column":35}},"10":{"start":{"line":14,"column":0},"end":{"line":14,"column":33}},"11":{"start":{"line":16,"column":0},"end":{"line":16,"column":21}}},"fnMap":{},"branchMap":{},"s":{"0":2,"1":2,"2":2,"3":2,"4":2,"5":2,"6":2,"7":2,"8":2,"9":2,"10":2,"11":2},"f":{},"b":{},"_coverageSchema":"1a1c01bbd47fc00a2c39e90264f33305004495a9","hash":"62d7a69d64c145acaf543897a94ea24e31d04846"}
,"/home/kali/ibriz/backend/server.js": {"path":"/home/kali/ibriz/backend/server.js","statementMap":{"0":{"start":{"line":1,"column":17},"end":{"line":1,"column":36}},"1":{"start":{"line":2,"column":0},"end":{"line":2,"column":27}},"2":{"start":{"line":3,"column":12},"end":{"line":3,"column":28}},"3":{"start":{"line":5,"column":13},"end":{"line":5,"column":37}},"4":{"start":{"line":8,"column":0},"end":{"line":8,"column":34}},"5":{"start":{"line":10,"column":0},"end":{"line":30,"column":5}},"6":{"start":{"line":17,"column":4},"end":{"line":17,"column":60}},"7":{"start":{"line":19,"column":4},"end":{"line":25,"column":5}},"8":{"start":{"line":20,"column":6},"end":{"line":22,"column":9}},"9":{"start":{"line":21,"column":8},"end":{"line":21,"column":54}},"10":{"start":{"line":24,"column":6},"end":{"line":24,"column":23}},"11":{"start":{"line":28,"column":4},"end":{"line":28,"column":55}},"12":{"start":{"line":29,"column":4},"end":{"line":29,"column":25}},"13":{"start":{"line":32,"column":0},"end":{"line":32,"column":33}}},"fnMap":{"0":{"name":"(anonymous_0)","decl":{"start":{"line":16,"column":8},"end":{"line":16,"column":9}},"loc":{"start":{"line":16,"column":20},"end":{"line":26,"column":3}},"line":16},"1":{"name":"(anonymous_1)","decl":{"start":{"line":20,"column":32},"end":{"line":20,"column":33}},"loc":{"start":{"line":20,"column":43},"end":{"line":22,"column":7}},"line":20},"2":{"name":"(anonymous_2)","decl":{"start":{"line":27,"column":9},"end":{"line":27,"column":10}},"loc":{"start":{"line":27,"column":20},"end":{"line":30,"column":3}},"line":27}},"branchMap":{"0":{"loc":{"start":{"line":5,"column":13},"end":{"line":5,"column":37}},"type":"binary-expr","locations":[{"start":{"line":5,"column":13},"end":{"line":5,"column":29}},{"start":{"line":5,"column":33},"end":{"line":5,"column":37}}],"line":5}},"s":{"0":2,"1":2,"2":2,"3":2,"4":2,"5":2,"6":2,"7":2,"8":2,"9":0,"10":0,"11":0,"12":0,"13":2},"f":{"0":2,"1":0,"2":0},"b":{"0":[2,0]},"_coverageSchema":"1a1c01bbd47fc00a2c39e90264f33305004495a9","hash":"064717c40a38f1fea3c46331efc88dc959e5b409"}
,"/home/kali/ibriz/backend/Controllers/authController.js": {"path":"/home/kali/ibriz/backend/Controllers/authController.js","statementMap":{"0":{"start":{"line":1,"column":12},"end":{"line":1,"column":35}},"1":{"start":{"line":3,"column":13},"end":{"line":25,"column":1}},"2":{"start":{"line":4,"column":2},"end":{"line":24,"column":3}},"3":{"start":{"line":6,"column":18},"end":{"line":6,"column":67}},"4":{"start":{"line":9,"column":25},"end":{"line":9,"column":64}},"5":{"start":{"line":12,"column":17},"end":{"line":12,"column":35}},"6":{"start":{"line":13,"column":4},"end":{"line":13,"column":22}},"7":{"start":{"line":15,"column":4},"end":{"line":15,"column":24}},"8":{"start":{"line":18,"column":4},"end":{"line":18,"column":11}},"9":{"start":{"line":20,"column":4},"end":{"line":23,"column":7}},"10":{"start":{"line":27,"column":0},"end":{"line":27,"column":26}}},"fnMap":{"0":{"name":"(anonymous_0)","decl":{"start":{"line":3,"column":13},"end":{"line":3,"column":14}},"loc":{"start":{"line":3,"column":48},"end":{"line":25,"column":1}},"line":3}},"branchMap":{},"s":{"0":2,"1":2,"2":2,"3":2,"4":1,"5":1,"6":1,"7":1,"8":1,"9":1,"10":2},"f":{"0":2},"b":{},"_coverageSchema":"1a1c01bbd47fc00a2c39e90264f33305004495a9","hash":"2b8f20dd85542615f1da302eb13dc494fd7b661f"}
,"/home/kali/ibriz/backend/Controllers/blogController.js": {"path":"/home/kali/ibriz/backend/Controllers/blogController.js","statementMap":{"0":{"start":{"line":1,"column":13},"end":{"line":1,"column":39}},"1":{"start":{"line":2,"column":13},"end":{"line":2,"column":39}},"2":{"start":{"line":3,"column":12},"end":{"line":3,"column":35}},"3":{"start":{"line":5,"column":19},"end":{"line":33,"column":1}},"4":{"start":{"line":8,"column":2},"end":{"line":8,"column":28}},"5":{"start":{"line":9,"column":15},"end":{"line":15,"column":4}},"6":{"start":{"line":16,"column":2},"end":{"line":16,"column":20}},"7":{"start":{"line":18,"column":2},"end":{"line":32,"column":7}},"8":{"start":{"line":21,"column":6},"end":{"line":24,"column":9}},"9":{"start":{"line":27,"column":6},"end":{"line":27,"column":25}},"10":{"start":{"line":28,"column":6},"end":{"line":31,"column":9}},"11":{"start":{"line":35,"column":17},"end":{"line":65,"column":1}},"12":{"start":{"line":38,"column":2},"end":{"line":64,"column":7}},"13":{"start":{"line":42,"column":6},"end":{"line":47,"column":7}},"14":{"start":{"line":43,"column":8},"end":{"line":45,"column":11}},"15":{"start":{"line":46,"column":8},"end":{"line":46,"column":15}},"16":{"start":{"line":48,"column":6},"end":{"line":48,"column":38}},"17":{"start":{"line":49,"column":6},"end":{"line":49,"column":42}},"18":{"start":{"line":50,"column":6},"end":{"line":50,"column":36}},"19":{"start":{"line":51,"column":6},"end":{"line":51,"column":38}},"20":{"start":{"line":53,"column":6},"end":{"line":53,"column":18}},"21":{"start":{"line":54,"column":6},"end":{"line":56,"column":9}},"22":{"start":{"line":60,"column":6},"end":{"line":63,"column":9}},"23":{"start":{"line":67,"column":17},"end":{"line":81,"column":1}},"24":{"start":{"line":68,"column":2},"end":{"line":80,"column":7}},"25":{"start":{"line":70,"column":6},"end":{"line":73,"column":9}},"26":{"start":{"line":76,"column":6},"end":{"line":79,"column":9}},"27":{"start":{"line":83,"column":20},"end":{"line":97,"column":1}},"28":{"start":{"line":84,"column":2},"end":{"line":96,"column":7}},"29":{"start":{"line":86,"column":6},"end":{"line":89,"column":9}},"30":{"start":{"line":92,"column":6},"end":{"line":95,"column":9}},"31":{"start":{"line":98,"column":16},"end":{"line":113,"column":1}},"32":{"start":{"line":99,"column":2},"end":{"line":112,"column":7}},"33":{"start":{"line":101,"column":6},"end":{"line":101,"column":24}},"34":{"start":{"line":102,"column":6},"end":{"line":105,"column":9}},"35":{"start":{"line":108,"column":6},"end":{"line":111,"column":9}},"36":{"start":{"line":115,"column":0},"end":{"line":115,"column":74}}},"fnMap":{"0":{"name":"(anonymous_0)","decl":{"start":{"line":5,"column":19},"end":{"line":5,"column":20}},"loc":{"start":{"line":5,"column":48},"end":{"line":33,"column":1}},"line":5},"1":{"name":"(anonymous_1)","decl":{"start":{"line":20,"column":10},"end":{"line":20,"column":11}},"loc":{"start":{"line":20,"column":20},"end":{"line":25,"column":5}},"line":20},"2":{"name":"(anonymous_2)","decl":{"start":{"line":26,"column":11},"end":{"line":26,"column":12}},"loc":{"start":{"line":26,"column":22},"end":{"line":32,"column":5}},"line":26},"3":{"name":"(anonymous_3)","decl":{"start":{"line":35,"column":17},"end":{"line":35,"column":18}},"loc":{"start":{"line":35,"column":46},"end":{"line":65,"column":1}},"line":35},"4":{"name":"(anonymous_4)","decl":{"start":{"line":40,"column":10},"end":{"line":40,"column":11}},"loc":{"start":{"line":40,"column":20},"end":{"line":57,"column":5}},"line":40},"5":{"name":"(anonymous_5)","decl":{"start":{"line":59,"column":11},"end":{"line":59,"column":12}},"loc":{"start":{"line":59,"column":22},"end":{"line":64,"column":5}},"line":59},"6":{"name":"(anonymous_6)","decl":{"start":{"line":67,"column":17},"end":{"line":67,"column":18}},"loc":{"start":{"line":67,"column":46},"end":{"line":81,"column":1}},"line":67},"7":{"name":"(anonymous_7)","decl":{"start":{"line":69,"column":10},"end":{"line":69,"column":11}},"loc":{"start":{"line":69,"column":21},"end":{"line":74,"column":5}},"line":69},"8":{"name":"(anonymous_8)","decl":{"start":{"line":75,"column":11},"end":{"line":75,"column":12}},"loc":{"start":{"line":75,"column":22},"end":{"line":80,"column":5}},"line":75},"9":{"name":"(anonymous_9)","decl":{"start":{"line":83,"column":20},"end":{"line":83,"column":21}},"loc":{"start":{"line":83,"column":49},"end":{"line":97,"column":1}},"line":83},"10":{"name":"(anonymous_10)","decl":{"start":{"line":85,"column":10},"end":{"line":85,"column":11}},"loc":{"start":{"line":85,"column":21},"end":{"line":90,"column":5}},"line":85},"11":{"name":"(anonymous_11)","decl":{"start":{"line":91,"column":11},"end":{"line":91,"column":12}},"loc":{"start":{"line":91,"column":22},"end":{"line":96,"column":5}},"line":91},"12":{"name":"(anonymous_12)","decl":{"start":{"line":98,"column":16},"end":{"line":98,"column":17}},"loc":{"start":{"line":98,"column":45},"end":{"line":113,"column":1}},"line":98},"13":{"name":"(anonymous_13)","decl":{"start":{"line":100,"column":10},"end":{"line":100,"column":11}},"loc":{"start":{"line":100,"column":20},"end":{"line":106,"column":5}},"line":100},"14":{"name":"(anonymous_14)","decl":{"start":{"line":107,"column":11},"end":{"line":107,"column":12}},"loc":{"start":{"line":107,"column":22},"end":{"line":112,"column":5}},"line":107}},"branchMap":{"0":{"loc":{"start":{"line":42,"column":6},"end":{"line":47,"column":7}},"type":"if","locations":[{"start":{"line":42,"column":6},"end":{"line":47,"column":7}},{"start":{},"end":{}}],"line":42}},"s":{"0":2,"1":2,"2":2,"3":2,"4":0,"5":0,"6":0,"7":0,"8":0,"9":0,"10":0,"11":2,"12":0,"13":0,"14":0,"15":0,"16":0,"17":0,"18":0,"19":0,"20":0,"21":0,"22":0,"23":2,"24":1,"25":1,"26":0,"27":2,"28":1,"29":1,"30":0,"31":2,"32":0,"33":0,"34":0,"35":0,"36":2},"f":{"0":0,"1":0,"2":0,"3":0,"4":0,"5":0,"6":1,"7":1,"8":0,"9":1,"10":1,"11":0,"12":0,"13":0,"14":0},"b":{"0":[0,0]},"_coverageSchema":"1a1c01bbd47fc00a2c39e90264f33305004495a9","hash":"b071741b7dacf9e55c8478835b042e09fab23750"}
,"/home/kali/ibriz/backend/Controllers/myProfileController.js": {"path":"/home/kali/ibriz/backend/Controllers/myProfileController.js","statementMap":{"0":{"start":{"line":1,"column":16},"end":{"line":6,"column":1}},"1":{"start":{"line":2,"column":2},"end":{"line":2,"column":28}},"2":{"start":{"line":3,"column":2},"end":{"line":5,"column":5}},"3":{"start":{"line":8,"column":0},"end":{"line":8,"column":29}}},"fnMap":{"0":{"name":"(anonymous_0)","decl":{"start":{"line":1,"column":16},"end":{"line":1,"column":17}},"loc":{"start":{"line":1,"column":45},"end":{"line":6,"column":1}},"line":1}},"branchMap":{},"s":{"0":2,"1":0,"2":0,"3":2},"f":{"0":0},"b":{},"_coverageSchema":"1a1c01bbd47fc00a2c39e90264f33305004495a9","hash":"f8f68b1c4e7028b0b1eb82e9fd6ebe364c734747"}
,"/home/kali/ibriz/backend/Controllers/userController.js": {"path":"/home/kali/ibriz/backend/Controllers/userController.js","statementMap":{"0":{"start":{"line":1,"column":13},"end":{"line":1,"column":39}},"1":{"start":{"line":2,"column":15},"end":{"line":2,"column":34}},"2":{"start":{"line":3,"column":12},"end":{"line":3,"column":35}},"3":{"start":{"line":5,"column":21},"end":{"line":42,"column":1}},"4":{"start":{"line":8,"column":2},"end":{"line":41,"column":7}},"5":{"start":{"line":12,"column":19},"end":{"line":15,"column":8}},"6":{"start":{"line":18,"column":6},"end":{"line":33,"column":11}},"7":{"start":{"line":22,"column":10},"end":{"line":25,"column":13}},"8":{"start":{"line":29,"column":10},"end":{"line":32,"column":13}},"9":{"start":{"line":37,"column":6},"end":{"line":40,"column":9}},"10":{"start":{"line":44,"column":18},"end":{"line":97,"column":1}},"11":{"start":{"line":46,"column":2},"end":{"line":96,"column":7}},"12":{"start":{"line":51,"column":6},"end":{"line":88,"column":11}},"13":{"start":{"line":57,"column":10},"end":{"line":62,"column":11}},"14":{"start":{"line":58,"column":12},"end":{"line":61,"column":15}},"15":{"start":{"line":65,"column":24},"end":{"line":72,"column":11}},"16":{"start":{"line":75,"column":10},"end":{"line":80,"column":13}},"17":{"start":{"line":84,"column":10},"end":{"line":87,"column":13}},"18":{"start":{"line":92,"column":6},"end":{"line":95,"column":9}},"19":{"start":{"line":99,"column":0},"end":{"line":99,"column":45}}},"fnMap":{"0":{"name":"(anonymous_0)","decl":{"start":{"line":5,"column":21},"end":{"line":5,"column":22}},"loc":{"start":{"line":5,"column":50},"end":{"line":42,"column":1}},"line":5},"1":{"name":"(anonymous_1)","decl":{"start":{"line":10,"column":10},"end":{"line":10,"column":11}},"loc":{"start":{"line":10,"column":30},"end":{"line":34,"column":5}},"line":10},"2":{"name":"(anonymous_2)","decl":{"start":{"line":21,"column":14},"end":{"line":21,"column":15}},"loc":{"start":{"line":21,"column":26},"end":{"line":26,"column":9}},"line":21},"3":{"name":"(anonymous_3)","decl":{"start":{"line":28,"column":15},"end":{"line":28,"column":16}},"loc":{"start":{"line":28,"column":26},"end":{"line":33,"column":9}},"line":28},"4":{"name":"(anonymous_4)","decl":{"start":{"line":36,"column":11},"end":{"line":36,"column":12}},"loc":{"start":{"line":36,"column":18},"end":{"line":41,"column":5}},"line":36},"5":{"name":"(anonymous_5)","decl":{"start":{"line":44,"column":18},"end":{"line":44,"column":19}},"loc":{"start":{"line":44,"column":47},"end":{"line":97,"column":1}},"line":44},"6":{"name":"(anonymous_6)","decl":{"start":{"line":49,"column":10},"end":{"line":49,"column":11}},"loc":{"start":{"line":49,"column":20},"end":{"line":89,"column":5}},"line":49},"7":{"name":"(anonymous_7)","decl":{"start":{"line":55,"column":14},"end":{"line":55,"column":15}},"loc":{"start":{"line":55,"column":33},"end":{"line":81,"column":9}},"line":55},"8":{"name":"(anonymous_8)","decl":{"start":{"line":83,"column":15},"end":{"line":83,"column":16}},"loc":{"start":{"line":83,"column":26},"end":{"line":88,"column":9}},"line":83},"9":{"name":"(anonymous_9)","decl":{"start":{"line":91,"column":11},"end":{"line":91,"column":12}},"loc":{"start":{"line":91,"column":18},"end":{"line":96,"column":5}},"line":91}},"branchMap":{"0":{"loc":{"start":{"line":57,"column":10},"end":{"line":62,"column":11}},"type":"if","locations":[{"start":{"line":57,"column":10},"end":{"line":62,"column":11}},{"start":{},"end":{}}],"line":57}},"s":{"0":2,"1":2,"2":2,"3":2,"4":0,"5":0,"6":0,"7":0,"8":0,"9":0,"10":2,"11":2,"12":2,"13":2,"14":0,"15":2,"16":2,"17":0,"18":0,"19":2},"f":{"0":0,"1":0,"2":0,"3":0,"4":0,"5":2,"6":2,"7":2,"8":0,"9":0},"b":{"0":[0,2]},"_coverageSchema":"1a1c01bbd47fc00a2c39e90264f33305004495a9","hash":"7e5cc60808be7ae2dfaa70cc2e779b1b6ac99c35"}
,"/home/kali/ibriz/backend/models/Blogs.js": {"path":"/home/kali/ibriz/backend/models/Blogs.js","statementMap":{"0":{"start":{"line":1,"column":34},"end":{"line":1,"column":53}},"1":{"start":{"line":3,"column":19},"end":{"line":9,"column":2}},"2":{"start":{"line":11,"column":0},"end":{"line":11,"column":60}}},"fnMap":{},"branchMap":{"0":{"loc":{"start":{"line":11,"column":17},"end":{"line":11,"column":59}},"type":"binary-expr","locations":[{"start":{"line":11,"column":17},"end":{"line":11,"column":29}},{"start":{"line":11,"column":33},"end":{"line":11,"column":59}}],"line":11}},"s":{"0":2,"1":2,"2":2},"f":{},"b":{"0":[2,2]},"_coverageSchema":"1a1c01bbd47fc00a2c39e90264f33305004495a9","hash":"e4504497f092fe1077e06c9365b030501f678cec"}
,"/home/kali/ibriz/backend/models/Users.js": {"path":"/home/kali/ibriz/backend/models/Users.js","statementMap":{"0":{"start":{"line":1,"column":34},"end":{"line":1,"column":53}},"1":{"start":{"line":3,"column":19},"end":{"line":16,"column":2}},"2":{"start":{"line":18,"column":0},"end":{"line":18,"column":60}}},"fnMap":{},"branchMap":{"0":{"loc":{"start":{"line":18,"column":17},"end":{"line":18,"column":59}},"type":"binary-expr","locations":[{"start":{"line":18,"column":17},"end":{"line":18,"column":29}},{"start":{"line":18,"column":33},"end":{"line":18,"column":59}}],"line":18}},"s":{"0":2,"1":2,"2":2},"f":{},"b":{"0":[2,2]},"_coverageSchema":"1a1c01bbd47fc00a2c39e90264f33305004495a9","hash":"98e2c918726ddf59460b117d4fd94cc35c9686a2"}
,"/home/kali/ibriz/backend/routes/blogRoute.js": {"path":"/home/kali/ibriz/backend/routes/blogRoute.js","statementMap":{"0":{"start":{"line":1,"column":16},"end":{"line":1,"column":34}},"1":{"start":{"line":8,"column":4},"end":{"line":8,"column":44}},"2":{"start":{"line":9,"column":17},"end":{"line":9,"column":57}},"3":{"start":{"line":10,"column":18},"end":{"line":10,"column":34}},"4":{"start":{"line":12,"column":0},"end":{"line":12,"column":44}},"5":{"start":{"line":13,"column":0},"end":{"line":13,"column":48}},"6":{"start":{"line":14,"column":0},"end":{"line":14,"column":41}},"7":{"start":{"line":15,"column":0},"end":{"line":15,"column":29}},"8":{"start":{"line":16,"column":0},"end":{"line":16,"column":46}},"9":{"start":{"line":18,"column":0},"end":{"line":18,"column":27}}},"fnMap":{},"branchMap":{},"s":{"0":2,"1":2,"2":2,"3":2,"4":2,"5":2,"6":2,"7":2,"8":2,"9":2},"f":{},"b":{},"_coverageSchema":"1a1c01bbd47fc00a2c39e90264f33305004495a9","hash":"016f0d373a6ecfea5870dd479112d41243922c8f"}
,"/home/kali/ibriz/backend/routes/myProfileRoute.js": {"path":"/home/kali/ibriz/backend/routes/myProfileRoute.js","statementMap":{"0":{"start":{"line":1,"column":16},"end":{"line":1,"column":34}},"1":{"start":{"line":2,"column":17},"end":{"line":2,"column":57}},"2":{"start":{"line":3,"column":20},"end":{"line":3,"column":65}},"3":{"start":{"line":4,"column":21},"end":{"line":4,"column":37}},"4":{"start":{"line":6,"column":0},"end":{"line":6,"column":45}},"5":{"start":{"line":8,"column":0},"end":{"line":8,"column":30}}},"fnMap":{},"branchMap":{},"s":{"0":2,"1":2,"2":2,"3":2,"4":2,"5":2},"f":{},"b":{},"_coverageSchema":"1a1c01bbd47fc00a2c39e90264f33305004495a9","hash":"a8d0b135e3c3b35d4be46f8d706968d6d3506ef2"}
,"/home/kali/ibriz/backend/routes/userRoute.js": {"path":"/home/kali/ibriz/backend/routes/userRoute.js","statementMap":{"0":{"start":{"line":1,"column":16},"end":{"line":1,"column":34}},"1":{"start":{"line":2,"column":36},"end":{"line":2,"column":76}},"2":{"start":{"line":3,"column":18},"end":{"line":3,"column":34}},"3":{"start":{"line":5,"column":0},"end":{"line":5,"column":42}},"4":{"start":{"line":6,"column":0},"end":{"line":6,"column":36}},"5":{"start":{"line":8,"column":0},"end":{"line":8,"column":27}}},"fnMap":{},"branchMap":{},"s":{"0":2,"1":2,"2":2,"3":2,"4":2,"5":2},"f":{},"b":{},"_coverageSchema":"1a1c01bbd47fc00a2c39e90264f33305004495a9","hash":"fc97120475ceae5e520b890f74dd25aa298412b2"}
}
