TN:
SF:app.js
FNF:0
FNH:0
DA:1,2
DA:2,2
DA:3,2
DA:4,2
DA:5,2
DA:7,2
DA:8,2
DA:9,2
DA:12,2
DA:13,2
DA:14,2
DA:16,2
LF:12
LH:12
BRF:0
BRH:0
end_of_record
TN:
SF:server.js
FN:16,(anonymous_0)
FN:20,(anonymous_1)
FN:27,(anonymous_2)
FNF:3
FNH:1
FNDA:2,(anonymous_0)
FNDA:0,(anonymous_1)
FNDA:0,(anonymous_2)
DA:1,2
DA:2,2
DA:3,2
DA:5,2
DA:8,2
DA:10,2
DA:17,2
DA:19,2
DA:20,2
DA:21,0
DA:24,0
DA:28,0
DA:29,0
DA:32,2
LF:14
LH:10
BRDA:5,0,0,2
BRDA:5,0,1,0
BRF:2
BRH:1
end_of_record
TN:
SF:Controllers/authController.js
FN:3,(anonymous_0)
FNF:1
FNH:1
FNDA:2,(anonymous_0)
DA:1,2
DA:3,2
DA:4,2
DA:6,2
DA:9,1
DA:12,1
DA:13,1
DA:15,1
DA:18,1
DA:20,1
DA:27,2
LF:11
LH:11
BRF:0
BRH:0
end_of_record
TN:
SF:Controllers/blogController.js
FN:5,(anonymous_0)
FN:20,(anonymous_1)
FN:26,(anonymous_2)
FN:35,(anonymous_3)
FN:40,(anonymous_4)
FN:59,(anonymous_5)
FN:67,(anonymous_6)
FN:69,(anonymous_7)
FN:75,(anonymous_8)
FN:83,(anonymous_9)
FN:85,(anonymous_10)
FN:91,(anonymous_11)
FN:98,(anonymous_12)
FN:100,(anonymous_13)
FN:107,(anonymous_14)
FNF:15
FNH:4
FNDA:0,(anonymous_0)
FNDA:0,(anonymous_1)
FNDA:0,(anonymous_2)
FNDA:0,(anonymous_3)
FNDA:0,(anonymous_4)
FNDA:0,(anonymous_5)
FNDA:1,(anonymous_6)
FNDA:1,(anonymous_7)
FNDA:0,(anonymous_8)
FNDA:1,(anonymous_9)
FNDA:1,(anonymous_10)
FNDA:0,(anonymous_11)
FNDA:0,(anonymous_12)
FNDA:0,(anonymous_13)
FNDA:0,(anonymous_14)
DA:1,2
DA:2,2
DA:3,2
DA:5,2
DA:8,0
DA:9,0
DA:16,0
DA:18,0
DA:21,0
DA:27,0
DA:28,0
DA:35,2
DA:38,0
DA:42,0
DA:43,0
DA:46,0
DA:48,0
DA:49,0
DA:50,0
DA:51,0
DA:53,0
DA:54,0
DA:60,0
DA:67,2
DA:68,1
DA:70,1
DA:76,0
DA:83,2
DA:84,1
DA:86,1
DA:92,0
DA:98,2
DA:99,0
DA:101,0
DA:102,0
DA:108,0
DA:115,2
LF:37
LH:13
BRDA:42,0,0,0
BRDA:42,0,1,0
BRF:2
BRH:0
end_of_record
TN:
SF:Controllers/myProfileController.js
FN:1,(anonymous_0)
FNF:1
FNH:0
FNDA:0,(anonymous_0)
DA:1,2
DA:2,0
DA:3,0
DA:8,2
LF:4
LH:2
BRF:0
BRH:0
end_of_record
TN:
SF:Controllers/userController.js
FN:5,(anonymous_0)
FN:10,(anonymous_1)
FN:21,(anonymous_2)
FN:28,(anonymous_3)
FN:36,(anonymous_4)
FN:44,(anonymous_5)
FN:49,(anonymous_6)
FN:55,(anonymous_7)
FN:83,(anonymous_8)
FN:91,(anonymous_9)
FNF:10
FNH:3
FNDA:0,(anonymous_0)
FNDA:0,(anonymous_1)
FNDA:0,(anonymous_2)
FNDA:0,(anonymous_3)
FNDA:0,(anonymous_4)
FNDA:2,(anonymous_5)
FNDA:2,(anonymous_6)
FNDA:2,(anonymous_7)
FNDA:0,(anonymous_8)
FNDA:0,(anonymous_9)
DA:1,2
DA:2,2
DA:3,2
DA:5,2
DA:8,0
DA:12,0
DA:18,0
DA:22,0
DA:29,0
DA:37,0
DA:44,2
DA:46,2
DA:51,2
DA:57,2
DA:58,0
DA:65,2
DA:75,2
DA:84,0
DA:92,0
DA:99,2
LF:20
LH:11
BRDA:57,0,0,0
BRDA:57,0,1,2
BRF:2
BRH:1
end_of_record
TN:
SF:models/Blogs.js
FNF:0
FNH:0
DA:1,2
DA:3,2
DA:11,2
LF:3
LH:3
BRDA:11,0,0,2
BRDA:11,0,1,2
BRF:2
BRH:2
end_of_record
TN:
SF:models/Users.js
FNF:0
FNH:0
DA:1,2
DA:3,2
DA:18,2
LF:3
LH:3
BRDA:18,0,0,2
BRDA:18,0,1,2
BRF:2
BRH:2
end_of_record
TN:
SF:routes/blogRoute.js
FNF:0
FNH:0
DA:1,2
DA:8,2
DA:9,2
DA:10,2
DA:12,2
DA:13,2
DA:14,2
DA:15,2
DA:16,2
DA:18,2
LF:10
LH:10
BRF:0
BRH:0
end_of_record
TN:
SF:routes/myProfileRoute.js
FNF:0
FNH:0
DA:1,2
DA:2,2
DA:3,2
DA:4,2
DA:6,2
DA:8,2
LF:6
LH:6
BRF:0
BRH:0
end_of_record
TN:
SF:routes/userRoute.js
FNF:0
FNH:0
DA:1,2
DA:2,2
DA:3,2
DA:5,2
DA:6,2
DA:8,2
LF:6
LH:6
BRF:0
BRH:0
end_of_record
